<?xml version="1.0" encoding="UTF-8"?>
<!-- Generated by org.testng.reporters.JUnitXMLReporter -->
<testsuite ignored="0" hostname="DESKTOP-K2V67A8" failures="1" tests="2" name="Test" time="27.449" errors="0" timestamp="2025-02-20T20:36:47 PST">
  <testcase classname="tests.SearchResultsTest" name="verifyFirstResultHeaderContains" time="3.454">
    <failure type="java.lang.AssertionError" message="First result does not contain &amp;apos;Ford F-150&amp;apos; expected [true] but found [false]">
      <![CDATA[java.lang.AssertionError: First result does not contain 'Ford F-150' expected [true] but found [false]
at tests.SearchResultsTest.verifyFirstResultHeaderContains(SearchResultsTest.java:17)
at java.base/java.util.ArrayList.forEach(ArrayList.java:1596)
... Removed 32 stack frames]]>
    </failure>
  </testcase> <!-- verifyFirstResultHeaderContains -->
  <testcase classname="tests.SearchResultsTest" name="verifyNumberOfResultsAfterFilter" time="6.111"/>
</testsuite> <!-- Test -->
